00000000 a __dldi_lma
00000000 a __end__
01ff8000 t __itcm_start
01ff8038 00000018 T __excpt_vectors
01ff8050 00000088 t threadReschedule
01ff80d8 000000d4 T threadBlock
01ff81ac 000000c0 T threadUnblockOneByValue
01ff826c 00000144 T threadUnblockAllByValue
01ff83b0 00000134 T threadUnblockAllByMask
01ff84e4 0000004c T armCopyMem32
01ff8530 00000058 T armFillMem32
01ff8588 0000002c T armContextSave
01ff85b4 00000020 T armContextLoad
01ff85b8 T armContextLoadFromSvc
01ff85d4 00000008 T armWaitForIrq
01ff85dc 0000000c T armDrainWriteBuffer
01ff85e8 00000028 T armDCacheFlushAll
01ff8610 0000001c T armDCacheFlush
01ff862c 0000001c T armDCacheInvalidate
01ff8648 0000000c T armICacheInvalidateAll
01ff8654 00000004 t __arm_excpt_rst
01ff8658 00000004 t __arm_excpt_pabt
01ff865c 0000000c t __arm_excpt_und
01ff8668 0000000c t __arm_excpt_dabt
01ff8674 00000030 t __excpt_entry
01ff86a4 000000e4 t __arm_excpt_irq
01ff8788 t __itcm_end
02001000 t __crt0_start
02001000 00000020 t __ds9_bootstub_trampoline
02001020 00000074 T crt0ProcessLoadList
02001094 00000150 T crt0Startup
020011e4 0000004c T crt0CopyMem32
02001230 00000058 T crt0FillMem32
02001288 000000b4 T crt0SetupMPU
02001340 t __crt0_end
02001340 t __main_start
02001340 T _init
02001358 0000002c T std::__throw_bad_alloc()
02001384 0000002c T std::__throw_bad_array_new_length()
020013b0 0000002c W __gnu_cxx::__throw_concurrence_lock_error()
020013dc 0000002c W __gnu_cxx::__throw_concurrence_unlock_error()
02001408 0000000c T std::terminate()
02001414 0000000c T std::unexpected()
02001420 00000070 t __cxxabiv1::__is_gxx_exception_class(char*)
02001490 00000028 T __cxa_call_terminate
020014b8 00000140 T __cxa_call_unexpected
020015f8 0000002c W __gnu_cxx::__throw_concurrence_broadcast_error()
02001624 00000008 T _Unwind_GetDataRelBase
0200162c 00000008 T _Unwind_GetTextRelBase
02001634 00000020 t _GLOBAL__sub_D_sound_buffer
02001654 00000038 t _GLOBAL__sub_D__ZN17__eh_globals_init7_S_initE
0200168c 00000030 T exit
020016bc 00000020 t _GLOBAL__sub_I_sound_buffer
020016dc 00000568 T main
02001c44 0000000c t _soundEnsureInit
02001c50 000001b8 t _GLOBAL__sub_I__ZN9__gnu_cxx9__freeresEv
02001e08 00000044 t _GLOBAL__sub_I__ZN17__eh_globals_init7_S_initE
02001e4c 00000020 t _GLOBAL__sub_I__ZN10__cxxabiv111__terminateEPFvvE
02001e6c 00000020 t _GLOBAL__sub_I__ZSt7nothrow
02001e8c t __do_global_dtors_aux
02001ecc t frame_dummy
02001efc 00000004 W gameobject::init()
02001f00 00000004 W bubble::~bubble()
02001f00 00000004 W bubble::~bubble()
02001f04 00000018 W bubble::~bubble()
02001f1c 00000124 T bubble::on_render()
02002040 00000018 T bubble::update(int)
02002058 000000d0 T bubble::bubble()
02002058 000000d0 T bubble::bubble()
02002128 00000080 T bubble::blow()
020021a8 0000000c T bubble::activate()
020021b4 000000c8 T micHandler(void*, int)
0200227c 00000040 t std::_Function_handler<void (short), game_scene::update(int)::{lambda(short)#1}>::_M_manager(std::_Any_data&, std::_Any_data const&, std::_Manager_operation)
020022bc 00000078 t std::_Function_handler<void (short), game_scene::update(int)::{lambda(short)#1}>::_M_invoke(std::_Any_data const&, short&&)
02002334 00000314 T game_scene::spawn_milk(int, int)
02002648 000002c8 T game_scene::spawn_bubble(int)
02002910 000000e0 T game_scene::game_scene()
02002910 000000e0 T game_scene::game_scene()
020029f0 0000012c T game_scene::hit_test()
02002b1c 000000dc T game_scene::draw_ui(int)
02002bf8 000000a4 W std::_Hashtable<milk*, milk*, std::allocator<milk*>, std::__detail::_Identity, std::equal_to<milk*>, std::hash<milk*>, std::__detail::_Mod_range_hashing, std::__detail::_Default_ranged_hash, std::__detail::_Prime_rehash_policy, std::__detail::_Hashtable_traits<false, true, true> >::_M_erase(unsigned int, std::__detail::_Hash_node_base*, std::__detail::_Hash_node<milk*, false>*)
02002c9c 000000a4 W std::_Hashtable<bubble*, bubble*, std::allocator<bubble*>, std::__detail::_Identity, std::equal_to<bubble*>, std::hash<bubble*>, std::__detail::_Mod_range_hashing, std::__detail::_Default_ranged_hash, std::__detail::_Prime_rehash_policy, std::__detail::_Hashtable_traits<false, true, true> >::_M_erase(unsigned int, std::__detail::_Hash_node_base*, std::__detail::_Hash_node<bubble*, false>*)
02002d40 000001c0 T game_scene::~game_scene()
02002d40 000001c0 T game_scene::~game_scene()
02002f00 000000f0 t std::_Hashtable<bubble*, bubble*, std::allocator<bubble*>, std::__detail::_Identity, std::equal_to<bubble*>, std::hash<bubble*>, std::__detail::_Mod_range_hashing, std::__detail::_Default_ranged_hash, std::__detail::_Prime_rehash_policy, std::__detail::_Hashtable_traits<false, true, true> >::_M_erase(std::integral_constant<bool, true>, bubble* const&) [clone .isra.0]
02002ff0 000001cc T game_scene::on_input()
020031bc 000001c0 T game_scene::delete_unused()
0200337c 00000214 T game_scene::update(int)
02003590 00000004 W gameobject::on_render()
02003594 000001a8 T gameobject::do_render()
0200373c 00000054 t divf32
02003790 000000a4 t normalizef32
02003834 00000018 T milk::~milk()
02003834 00000018 T milk::~milk()
0200384c 00000080 T milk::update(int)
020038cc 0000002c T milk::~milk()
020038f8 00000108 T drawQuad(int)
02003a00 000000ec T milk::on_render()
02003aec 00000154 T milk::milk()
02003aec 00000154 T milk::milk()
02003c40 0000002c T sound_init()
02003c6c 0000002c T play_shoot_effect()
02003c98 0000002c T play_hit_effect()
02003cc4 0000002c T play_update_effect()
02003cf0 0000004c T play_music()
02003d3c 00000078 t _mmPxiHandler
02003db4 00000080 t _mmCreateEffectHandle
02003e34 00000070 T mmInit
02003ea4 00000084 T mmEffectEx
02003f28 00000010 T mmEffectCancel
02003f38 00000074 t _mmLoadSample
02003fac 000000b8 T mmInitDefaultMem
02004064 00000048 T mmLoadEffect
020040ac 0000006c T checkIfText
02004118 000000f4 T bgUpdate
0200420c 000000b0 T bgInit_call
020042bc 000000b8 T bgInitSub_call
02004374 000000dc t newRow
02004450 000000e0 T consolePrintChar
02004530 00000320 T con_write
02004850 00000314 T consoleLoadFont
02004990 a __crt0_lma
02004b64 0000018c T consoleInit
02004cd0 a __itcm_lma
02004cd0 a __loadlist_lma
02004cf0 00000010 T consoleClear
02004d00 0000006c T scanKeys
02004d6c 0000000c T keysHeld
02004d78 00000010 T keysDown
02004d88 0000000c t _soundMicCallback
02004d94 00000094 T soundPlaySample
02004e28 0000006c T soundMicRecord
02004e94 00000010 T soundMicOff
02004ea4 00000138 T oamInit
02004fdc 00000034 T oamGfxPtrToOffset
02005010 00000102 T oamSet
02005114 00000078 T oamUpdate
0200518c 0000004c T sinLutLookup
020051d8 00000038 T sinLerp
02005210 00000048 T cosLerp
02005258 0000007c T glMaterialf
020052d4 000000dc T glInit
020053b0 000001ae t vramBlock__deallocateBlock.part.0
02005560 0000005c T vramBlock_init
020055bc 0000017c T vramBlock__allocateBlock
02005738 0000026c T vramBlock_examineSpecial
020059a4 0000006a T vramBlock_allocateSpecial
02005a10 00000030 T vramBlock_allocateBlock
02005a40 00000042 T vramBlock_deallocateBlock
02005a84 000000c8 T _glInitGlobals
02005b4c 00000090 T glGenTextures
02005bdc 000000b8 T vramGetBank
02005c94 0000005c T glBindTexture
02005cf0 00000408 T glTexImage2D
020060f8 00000016 T DynamicArrayInit
02006110 00000016 T DynamicArrayGet
02006128 00000048 T DynamicArraySet
02006170 0000001a T oamAllocReset
0200618c 00000018 T powerOn
020061a4 0000000c T vramRestorePrimaryBanks
020061b0 0000001c t _tickCountIsr
020061cc 00000098 t _tickTaskSchedule.part.0.isra.0
02006264 0000008c T tickInit
020062f0 0000006c T tickGetCount
0200635c 00000110 t _tickTaskIsr
0200646c 0000011c T tickTaskStart
02006588 00000098 T threadExit
02006620 00000010 t _threadTickTask
02006630 00000098 T _threadInit
020066c8 00000098 T threadPrepare
02006760 0000010c T threadAttachLocalStorage
0200686c 000000c0 T threadStart
0200692c 00000098 T threadIrqWait
020069c4 00000058 T threadSleepTicks
02006a1c 00000004 t _pxiMailboxHandler
02006a20 00000004 W _pxiRecvUnhandled
02006a24 00000154 t _pxiRecvIrqHandler
02006b78 00000058 T _pxiInit
02006bd0 00000074 T pxiSetHandler
02006c44 00000068 T pxiSetMailbox
02006cac 00000038 T pxiWaitRemote
02006ce4 00000050 T pxiSendPacket
02006d34 00000098 T pxiSendExtPacket
02006dcc 0000002c T pxiBeginReceive
02006df8 00000094 T pxiEndReceive
02006e8c 00000028 T keypadGetState
02006eb4 00000040 t _pmCallEventHandlers
02006ef4 000000a0 t _pmPxiThreadMain
02006f94 00000028 t _pmResetPxiHandler
02006fbc 00000004 W systemUserExit
02006fc0 00000004 W systemErrorExit
02006fc4 00000138 T __syscall_exit
020070fc 00000058 T pmInit
02007154 000000cc T pmEnterSleep
02007220 00000060 T pmMainLoop
02007280 00000038 T pmMicSetAmp
020072b8 00000058 T touchRead
02007310 00000070 t _soundPxiCheckCredits
02007380 0000003c t _soundPxiHandler
020073bc 00000064 T soundInit
02007420 00000028 T soundSetPower
02007448 00000058 T soundGetActiveChannels
020074a0 0000002c T soundSetMixerSleep
020074cc 000000e4 T soundPreparePcm
020075b0 00000058 t _micThreadMain
02007608 00000008 T micInit
02007610 00000044 T micSetCpuTimer
02007654 0000009c T micSetCallback
020076f0 00000080 T micStart
02007770 00000020 T micStop
02007790 00000064 T irqSet
020077f4 000001c4 t threadUpdateDynamicPrio
020079b8 000001a8 t threadRemoveWaiter
02007b60 00000144 T mutexLock
02007ca4 000000bc T mutexUnlock
02007d60 0000009c T mailboxTrySend
02007dfc 0000008c T mailboxRecv
02007e88 00000014 T __syscall_getreent
02007e9c 00000024 T __errno
02007ec0 00000004 T __syscall_lock_acquire
02007ec4 00000004 T __syscall_lock_release
02007ec8 00000040 T __syscall_lock_acquire_recursive
02007f08 00000018 T __syscall_lock_release_recursive
02007f20 00000004 W systemUserStartup
02007f24 00000104 W systemStartup
02008028 00000010 T operator delete(void*, unsigned int)
02008038 00000068 T operator new(unsigned int)
020080a0 0000011c T std::__detail::_Prime_rehash_policy::_M_next_bkt(unsigned int) const
020081bc 00000150 T std::__detail::_Prime_rehash_policy::_M_need_rehash(unsigned int, unsigned int, unsigned int) const
0200830c 0000000c T std::bad_alloc::what() const
02008318 00000024 T std::bad_alloc::~bad_alloc()
02008318 00000024 T std::bad_alloc::~bad_alloc()
0200833c 00000030 T std::bad_alloc::~bad_alloc()
0200836c 0000000c T std::bad_array_new_length::what() const
02008378 00000024 T std::bad_array_new_length::~bad_array_new_length()
02008378 00000024 T std::bad_array_new_length::~bad_array_new_length()
0200839c 00000030 T std::bad_array_new_length::~bad_array_new_length()
020083cc 00000010 T operator delete(void*)
020083dc 0000000c W __gnu_cxx::__concurrence_lock_error::what() const
020083e8 0000000c W __gnu_cxx::__concurrence_unlock_error::what() const
020083f4 00000024 W __gnu_cxx::__concurrence_lock_error::~__concurrence_lock_error()
020083f4 00000024 W __gnu_cxx::__concurrence_lock_error::~__concurrence_lock_error()
02008418 00000030 W __gnu_cxx::__concurrence_lock_error::~__concurrence_lock_error()
02008448 00000024 W __gnu_cxx::__concurrence_unlock_error::~__concurrence_unlock_error()
02008448 00000024 W __gnu_cxx::__concurrence_unlock_error::~__concurrence_unlock_error()
0200846c 00000030 W __gnu_cxx::__concurrence_unlock_error::~__concurrence_unlock_error()
0200849c 00000124 t (anonymous namespace)::pool::free(void*) [clone .constprop.0]
020085c0 000000dc t (anonymous namespace)::pool::allocate(unsigned int) [clone .constprop.0]
0200869c 00000048 T __cxa_allocate_exception
020086e4 00000038 T __cxa_free_exception
0200871c T __cxa_end_cleanup
0200872c 00000140 T __cxa_type_match
0200886c 000000bc T __cxa_begin_cleanup
02008928 000000bc T __gnu_end_cleanup
020089e4 00000004 T std::exception::~exception()
020089e4 00000004 T std::exception::~exception()
020089e8 00000004 T std::bad_exception::~bad_exception()
020089e8 00000004 T std::bad_exception::~bad_exception()
020089ec 0000000c T transaction clone for std::exception::what() const
020089ec 0000000c T std::exception::what() const
020089f8 0000000c T transaction clone for std::bad_exception::what() const
020089f8 0000000c T std::bad_exception::what() const
02008a04 0000001c T std::bad_exception::~bad_exception()
02008a20 00000040 t eh_globals_dtor(void*)
02008a60 0000003c T __cxa_get_globals_fast
02008a9c 00000078 T __cxa_get_globals
02008b14 00000150 t read_encoded_value_with_base(unsigned char, unsigned int, unsigned char const*, unsigned int*)
02008c64 0000007c t base_of_encoded_value(unsigned char, _Unwind_Context*)
02008ce0 000000d8 t parse_lsda_header(_Unwind_Context*, unsigned char const*, lsda_header_info*)
02008db8 0000071c T __gxx_personality_v0
020094d4 00000018 T __cxxabiv1::__terminate(void (*)())
020094ec 00000060 T std::get_terminate()
0200954c 00000010 T __cxxabiv1::__unexpected(void (*)())
0200955c 00000060 T std::get_unexpected()
020095bc 00000080 t __gxx_exception_cleanup(_Unwind_Reason_Code, _Unwind_Control_Block*)
0200963c 00000074 T __cxa_init_primary_exception
020096b0 00000054 T __cxa_throw
02009704 000000b0 T __cxa_rethrow
020097b4 00000060 T std::get_new_handler()
02009814 00000024 T __cxxabiv1::__si_class_type_info::~__si_class_type_info()
02009814 00000024 T __cxxabiv1::__si_class_type_info::~__si_class_type_info()
02009838 00000030 T __cxxabiv1::__si_class_type_info::~__si_class_type_info()
02009868 00000140 T __cxxabiv1::__si_class_type_info::__do_dyncast(int, __cxxabiv1::__class_type_info::__sub_kind, __cxxabiv1::__class_type_info const*, void const*, __cxxabiv1::__class_type_info const*, void const*, __cxxabiv1::__class_type_info::__dyncast_result&) const
020099a8 0000008c T __cxxabiv1::__si_class_type_info::__do_find_public_src(int, void const*, __cxxabiv1::__class_type_info const*, void const*) const
02009a34 0000004c T __cxxabiv1::__si_class_type_info::__do_upcast(__cxxabiv1::__class_type_info const*, void const*, __cxxabiv1::__class_type_info::__upcast_result&) const
02009a80 00000004 T std::type_info::~type_info()
02009a80 00000004 T std::type_info::~type_info()
02009a84 00000008 T std::type_info::__is_pointer_p() const
02009a84 00000008 T std::type_info::__is_function_p() const
02009a8c 000000ec T __gnu_cxx::__exchange_and_add(int volatile*, int)
02009b78 00000064 T __cxxabiv1::__class_type_info::__do_upcast(__cxxabiv1::__class_type_info const*, void**) const
02009bdc 00000014 T __cxxabiv1::__class_type_info::__do_find_public_src(int, void const*, __cxxabiv1::__class_type_info const*, void const*) const
02009bf0 00000024 T __cxxabiv1::__class_type_info::~__class_type_info()
02009bf0 00000024 T __cxxabiv1::__class_type_info::~__class_type_info()
02009c14 00000030 T __cxxabiv1::__class_type_info::~__class_type_info()
02009c44 0000006c T __cxxabiv1::__class_type_info::__do_upcast(__cxxabiv1::__class_type_info const*, void const*, __cxxabiv1::__class_type_info::__upcast_result&) const
02009cb0 00000084 T __cxxabiv1::__class_type_info::__do_catch(std::type_info const*, void**, unsigned int) const
02009d34 000000dc T __cxxabiv1::__class_type_info::__do_dyncast(int, __cxxabiv1::__class_type_info::__sub_kind, __cxxabiv1::__class_type_info const*, void const*, __cxxabiv1::__class_type_info const*, void const*, __cxxabiv1::__class_type_info::__dyncast_result&) const
02009e10 000000d4 T __cxa_begin_catch
02009ee4 000000e0 T __cxa_end_catch
02009fc4 0000000c W __gnu_cxx::__concurrence_broadcast_error::what() const
02009fd0 0000000c W __gnu_cxx::__concurrence_wait_error::what() const
02009fdc 0000003c t (anonymous namespace)::init()
0200a018 00000024 t (anonymous namespace)::init_static_cond()
0200a03c 00000024 W __gnu_cxx::__concurrence_wait_error::~__concurrence_wait_error()
0200a03c 00000024 W __gnu_cxx::__concurrence_wait_error::~__concurrence_wait_error()
0200a060 00000030 W __gnu_cxx::__concurrence_wait_error::~__concurrence_wait_error()
0200a090 00000024 W __gnu_cxx::__concurrence_broadcast_error::~__concurrence_broadcast_error()
0200a090 00000024 W __gnu_cxx::__concurrence_broadcast_error::~__concurrence_broadcast_error()
0200a0b4 00000030 W __gnu_cxx::__concurrence_broadcast_error::~__concurrence_broadcast_error()
0200a0e4 00000180 T __cxa_guard_acquire
0200a264 000000bc T __cxa_guard_release
0200a320 00000024 T __gnu_cxx::recursive_init_error::~recursive_init_error()
0200a320 00000024 T __gnu_cxx::recursive_init_error::~recursive_init_error()
0200a344 00000030 T __gnu_cxx::recursive_init_error::~recursive_init_error()
0200a374 00000010 T __gnu_cxx::recursive_init_error::recursive_init_error()
0200a374 00000010 T __gnu_cxx::recursive_init_error::recursive_init_error()
0200a388 00000184 T floor
0200a50c 00000198 W __aeabi_fmul
0200a50c 00000198 W __mulsf3
0200a6a4 t .udivsi3_skip_div0_test
0200a6a4 T __aeabi_uidiv
0200a6a4 000000f4 T __udivsi3
0200a798 00000020 T __aeabi_uidivmod
0200a7b8 T __aeabi_idiv
0200a7b8 00000128 T __divsi3
0200a7c0 t .divsi3_skip_div0_test
0200a8e0 00000020 T __aeabi_idivmod
0200a900 00000004 W __aeabi_idiv0
0200a900 00000004 W __aeabi_ldiv0
0200a904 T __aeabi_drsub
0200a90c 00000314 T __aeabi_dsub
0200a90c 00000314 T __subdf3
0200a910 00000310 T __adddf3
0200a910 00000310 T __aeabi_dadd
0200ac20 00000024 T __aeabi_ui2d
0200ac20 00000024 T __floatunsidf
0200ac44 00000028 T __aeabi_i2d
0200ac44 00000028 T __floatsidf
0200ac6c 00000048 T __aeabi_f2d
0200ac6c 00000048 T __extendsfdf2
0200acb4 00000074 T __aeabi_ul2d
0200acb4 00000074 T __floatundidf
0200acc8 00000060 T __aeabi_l2d
0200acc8 00000060 T __floatdidf
0200ad28 00000290 T __aeabi_dmul
0200ad28 00000290 T __muldf3
0200afb8 0000020c T __aeabi_ddiv
0200afb8 0000020c T __divdf3
0200b1c4 00000098 T __gedf2
0200b1c4 00000098 T __gtdf2
0200b1cc 00000090 T __ledf2
0200b1cc 00000090 T __ltdf2
0200b1d4 00000088 T __cmpdf2
0200b1d4 00000088 T __eqdf2
0200b1d4 00000088 T __nedf2
0200b25c 00000034 T __aeabi_cdrcmple
0200b278 00000018 T __aeabi_cdcmpeq
0200b278 00000018 T __aeabi_cdcmple
0200b290 00000018 T __aeabi_dcmpeq
0200b2a8 00000018 T __aeabi_dcmplt
0200b2c0 00000018 T __aeabi_dcmple
0200b2d8 00000018 T __aeabi_dcmpge
0200b2f0 00000018 T __aeabi_dcmpgt
0200b308 0000005c T __aeabi_d2iz
0200b308 0000005c T __fixdfsi
0200b364 00000054 T __aeabi_d2uiz
0200b364 00000054 T __fixunsdfsi
0200b3b8 000001c8 T __aeabi_frsub
0200b3c0 000001c0 T __aeabi_fsub
0200b3c0 000001c0 T __subsf3
0200b3c4 000001bc T __addsf3
0200b3c4 000001bc T __aeabi_fadd
0200b580 00000028 T __aeabi_ui2f
0200b580 00000028 T __floatunsisf
0200b588 00000020 T __aeabi_i2f
0200b588 00000020 T __floatsisf
0200b5a8 000000bc T __aeabi_ul2f
0200b5a8 000000bc T __floatundisf
0200b5b8 000000ac T __aeabi_l2f
0200b5b8 000000ac T __floatdisf
0200b664 00000074 T __gesf2
0200b664 00000074 T __gtsf2
0200b66c 0000006c T __lesf2
0200b66c 0000006c T __ltsf2
0200b674 00000064 T __cmpsf2
0200b674 00000064 T __eqsf2
0200b674 00000064 T __nesf2
0200b6d8 00000028 T __aeabi_cfrcmple
0200b6e8 00000018 T __aeabi_cfcmpeq
0200b6e8 00000018 T __aeabi_cfcmple
0200b700 00000018 T __aeabi_fcmpeq
0200b718 00000018 T __aeabi_fcmplt
0200b730 00000018 T __aeabi_fcmple
0200b748 00000018 T __aeabi_fcmpge
0200b760 00000018 T __aeabi_fcmpgt
0200b778 0000005c T __aeabi_f2iz
0200b778 0000005c T __fixsfsi
0200b7d4 T __aeabi_uldivmod
0200b810 T __sync_synchronize
0200b810 00000004 T __sync_synchronize_none
0200b814 00000128 T __udivmoddi4
0200b93c 00000018 t selfrel_offset31
0200b954 00000098 t search_EIT_table
0200b9ec 00000040 t __gnu_unwind_get_pr_addr
0200ba2c 00000118 t get_eit_entry
0200bb44 00000090 t restore_non_core_regs
0200bbd4 00000014 t _Unwind_decode_typeinfo_ptr.constprop.0
0200bbe8 00000004 t _Unwind_DebugHook
0200bbec 00000068 t unwind_phase2
0200bc54 00000154 t unwind_phase2_forced
0200bda8 000000ac T __gnu_Unwind_RaiseException
0200be54 00000028 T __gnu_Unwind_ForcedUnwind
0200be7c 00000078 T __gnu_Unwind_Resume
0200bef4 0000002c T __gnu_Unwind_Resume_or_Rethrow
0200bf20 00000004 T _Unwind_Complete
0200bf24 00000018 T _Unwind_DeleteException
0200bf3c 00000064 T _Unwind_VRS_Get
0200bfa0 00000030 t _Unwind_GetGR
0200bfd0 00000064 T _Unwind_VRS_Set
0200c034 00000030 t _Unwind_SetGR
0200c064 000000cc T __gnu_Unwind_Backtrace
0200c130 0000041c t __gnu_unwind_pr_common
0200c54c 00000008 T __aeabi_unwind_cpp_pr0
0200c554 00000008 W __aeabi_unwind_cpp_pr1
0200c55c 00000008 W __aeabi_unwind_cpp_pr2
0200c564 0000045c T _Unwind_VRS_Pop
0200c9c0 0000001c T __restore_core_regs
0200c9c0 0000001c T restore_core_regs
0200c9dc T __gnu_Unwind_Restore_VFP
0200c9e4 T __gnu_Unwind_Save_VFP
0200c9ec T __gnu_Unwind_Restore_VFP_D
0200c9f4 T __gnu_Unwind_Save_VFP_D
0200c9fc T __gnu_Unwind_Restore_VFP_D_16_to_31
0200ca04 T __gnu_Unwind_Save_VFP_D_16_to_31
0200ca0c T __gnu_Unwind_Restore_WMMXD
0200ca50 T __gnu_Unwind_Save_WMMXD
0200ca94 T __gnu_Unwind_Restore_WMMXC
0200caa8 T __gnu_Unwind_Save_WMMXC
0200cabc 00000024 T _Unwind_RaiseException
0200cabc 00000024 T ___Unwind_RaiseException
0200cae0 00000024 T _Unwind_Resume
0200cae0 00000024 T ___Unwind_Resume
0200cb04 00000024 T _Unwind_Resume_or_Rethrow
0200cb04 00000024 T ___Unwind_Resume_or_Rethrow
0200cb28 00000024 T _Unwind_ForcedUnwind
0200cb28 00000024 T ___Unwind_ForcedUnwind
0200cb4c 00000024 T _Unwind_Backtrace
0200cb4c 00000024 T ___Unwind_Backtrace
0200cb70 00000060 t next_unwind_byte
0200cbd0 00000030 t _Unwind_GetGR.constprop.0
0200cc00 00000004 t unwind_UCB_from_context
0200cc04 0000046c T __gnu_unwind_execute
0200d070 0000004c T __gnu_unwind_frame
0200d0bc 00000014 T _Unwind_GetRegionStart
0200d0d0 00000020 T _Unwind_GetLanguageSpecificData
0200d0f0 00000028 T __clzdi2
0200d118 00000048 T __clzsi2
0200d160 0000013c T strchr
0200d29c 00000048 T rand
0200d2e4 00000028 T getenv
0200d30c 00000060 T strlen
0200d36c 00000164 T memmove
0200d4d0 000000e4 T memchr
0200d5b4 000000dc T memcmp
0200d690 000001e8 t _strtoul_l.isra.0
0200d878 00000030 T _strtoul_r
0200d8a8 00000034 T strtoul
0200d8dc 00000024 T calloc
0200d900 00000078 T siscanf
0200d978 0000004c T __sread
0200d9c4 00000008 T __seofread
0200d9cc 0000006c T __swrite
0200da38 00000048 T __sseek
0200da80 00000014 T __sclose
0200da94 00000014 T abort
0200daa8 000000d0 T _calloc_r
0200db78 00000024 T realloc
0200db9c 000007c8 T _malloc_r
0200e364 00000100 T _malloc_trim_r
0200e464 000002e8 T _free_r
0200e74c 00000298 T setvbuf
0200e9e4 0000003c T malloc
0200ea20 0000001c T free
0200ea3c 00000130 T memcpy
0200eb6c 00000034 T printf
0200eba0 000000e4 T _puts_r
0200ec84 00000018 T puts
0200ec9c 000000d0 T _findenv_r
0200ed6c 00000100 T memset
0200ee6c 000004c0 T _realloc_r
0200f32c 00000018 T __malloc_lock
0200f344 00000018 T __malloc_unlock
0200f35c 00000010 W __call_exitprocs
0200f36c 00000224 T strcmp
0200f590 00000034 T iprintf
0200f5c4 00000090 T __libc_init_array
0200f654 00000244 T __sflush_r
0200f898 0000009c T _fflush_r
0200f934 000000e0 T strncmp
0200fa14 00000094 T _raise_r
0200faa8 00000018 T raise
0200fac0 00000018 T __env_lock
0200fad8 00000018 T __env_unlock
0200faf0 00000490 T __sfvwrite_r
0200ff80 000005ec t get_arg
0201056c 0000229c T _vfiprintf_r
02012808 000000bc t __sbprintf
020128c4 00000168 T _memalign_r
02012a2c 00000054 t get_arg
02012a80 000000e4 T _sungetc_r
02012b64 00000068 T __ssrefill_r
02012bcc 000000c8 T _sfread_r
02012c94 000022a8 T __ssvfiscanf_r
02014f3c 00000044 T __libc_fini_array
02014f80 00000034 T __sprint_r
02014fb4 00000014 T iswspace
02014fc8 000000e4 T __sccl
020150ac 00000028 T _localeconv_r
020150d4 000005ec t get_arg
020156c0 000035c4 T _vfprintf_r
02018c84 000000bc t __sbprintf
02018d40 0000014c T __smakebuf_r
02018e8c 00000080 T __swhatbuf_r
02018f0c 00000028 t stdio_exit_handler
02018f34 00000054 t cleanup_stdio
02018f88 00000158 t global_stdio_init.part.0
020190e0 00000064 T __sinit
02019144 00000018 T __sfp_lock_acquire
0201915c 00000018 T __sfp_lock_release
02019174 000001d8 t quorem
02019350 00001828 T _dtoa_r
0201ab78 000000ac T _wcrtomb_r
0201ac24 00000348 t _strtol_l.part.0
0201af6c 00000064 T _strtol_r
0201afd0 00000078 T _fwalk_sglue
0201b048 000000d0 T strncpy
0201b118 00000268 t _strtoull_l.isra.0
0201b380 00000030 T _strtoull_r
0201b3b0 0000002c T _wcsrtombs_r
0201b3dc 000000c0 T _mbrtowc_r
0201b49c 00000194 T __swsetup_r
0201b630 000000a4 T frexp
0201b6d4 000000a8 T __submore
0201b77c 0000005c T __assert_func
0201b7d8 00000040 T iswspace_l
0201b818 0000008c T _Balloc
0201b8a4 0000001c T _Bfree
0201b8c0 00000100 T __multadd
0201b9c0 00000080 T __hi0bits
0201ba40 000000f8 T __lo0bits
0201bb38 000000ac T __i2b
0201bbe4 00000228 T __multiply
0201be0c 00000134 T __pow5mult
0201bf40 0000013c T __lshift
0201c07c 00000054 T __mcmp
0201c0d0 00000204 T __mdiff
0201c2d4 00000124 T __d2b
0201c3f8 0000049c t _strtoll_l.isra.0
0201c894 00000030 T _strtoll_r
0201c8c4 00000028 T __locale_mb_cur_max
0201c8ec 0000003c T fiprintf
0201c928 00000170 T _wcsnrtombs_l
0201ca98 00000068 T _wcsnrtombs_r
0201cb00 00000334 T __utf8_mbtowc
0201ce34 00000150 T _fclose_r
0201cf84 00000098 T category
0201d01c 000000f4 T __utf8_wctomb
0201d110 00000020 T _exit
0201d130 0000008c T _fstat_r
0201d1bc 00000014 T _getpid_r
0201d1d0 00000030 T __getreent
0201d200 00000040 T __get_handle
0201d240 000000fc T _close_r
0201d33c 00000008 t null_write
0201d344 00000008 T _isatty_r
0201d34c 00000014 T _kill_r
0201d360 00000090 T _lseek_r
0201d3f0 0000008c T _read_r
0201d47c 00000078 W _sbrk_r
0201d4f4 00000020 T __libc_lock_acquire
0201d514 00000020 T __libc_lock_release
0201d534 00000020 T __libc_lock_acquire_recursive
0201d554 00000020 T __libc_lock_release_recursive
0201d574 0000008c T _write_r
0201d600 00000038 T __aeabi_dcmpun
0201d600 00000038 T __unorddf2
0201d638 T _fini
0201d650 T anyaBitmap
02025650 T bubble_texBitmap
02025e50 T eyeTiles
02026250 T eyePal
02026450 T opao2Bitmap
0202e450 T sub_bgBitmap
02046450 T soundbank_bin
022642b0 0000001c T vtable for bubble
022642b0 T soundbank_bin_end
0226465c 0000001c T vtable for milk
0226477c 00000080 t dotab_stdout
022647fc 00000102 T SIN_LUT
02264968 T default_font_bin
02265168 0000000e t std::__detail::_Prime_rehash_policy::_M_next_bkt(unsigned int) const::__fast_bkt
02265168 T default_font_bin_end
02265178 00000404 T std::__detail::__prime_list
0226557c 0000000d T typeinfo name for std::bad_alloc
0226558c 0000000c T typeinfo for std::bad_alloc
02265598 00000014 T vtable for std::bad_alloc
022655ac 00000019 T typeinfo name for std::bad_array_new_length
022655c8 0000000c T typeinfo for std::bad_array_new_length
022655d4 00000014 T vtable for std::bad_array_new_length
022655e8 00000027 V typeinfo name for __gnu_cxx::__concurrence_lock_error
02265610 0000000c V typeinfo for __gnu_cxx::__concurrence_lock_error
0226561c 00000029 V typeinfo name for __gnu_cxx::__concurrence_unlock_error
02265648 0000000c V typeinfo for __gnu_cxx::__concurrence_unlock_error
02265654 00000014 V vtable for __gnu_cxx::__concurrence_lock_error
02265668 00000014 V vtable for __gnu_cxx::__concurrence_unlock_error
0226567c 0000000d T typeinfo name for std::exception
0226568c 00000008 T typeinfo for std::exception
02265694 00000012 T typeinfo name for std::bad_exception
022656a8 0000000c T typeinfo for std::bad_exception
022656b4 00000020 T typeinfo name for __cxxabiv1::__forced_unwind
022656d4 00000008 T typeinfo for __cxxabiv1::__forced_unwind
022656dc 00000024 T typeinfo name for __cxxabiv1::__foreign_exception
02265700 00000008 T typeinfo for __cxxabiv1::__foreign_exception
02265708 00000014 T vtable for std::bad_exception
02265730 00000025 T typeinfo name for __cxxabiv1::__si_class_type_info
02265758 0000000c T typeinfo for __cxxabiv1::__si_class_type_info
02265764 0000002c T vtable for __cxxabiv1::__si_class_type_info
02265790 0000000d T typeinfo name for std::type_info
022657a0 00000008 T typeinfo for std::type_info
022657a8 00000022 T typeinfo name for __cxxabiv1::__class_type_info
022657cc 0000000c T typeinfo for __cxxabiv1::__class_type_info
022657d8 0000002c T vtable for __cxxabiv1::__class_type_info
02265804 0000002c V typeinfo name for __gnu_cxx::__concurrence_broadcast_error
02265830 0000000c V typeinfo for __gnu_cxx::__concurrence_broadcast_error
0226583c 00000027 V typeinfo name for __gnu_cxx::__concurrence_wait_error
02265864 0000000c V typeinfo for __gnu_cxx::__concurrence_wait_error
02265870 00000014 V vtable for __gnu_cxx::__concurrence_broadcast_error
02265884 00000014 V vtable for __gnu_cxx::__concurrence_wait_error
02265898 00000023 T typeinfo name for __gnu_cxx::recursive_init_error
022658bc 0000000c T typeinfo for __gnu_cxx::recursive_init_error
022658c8 00000014 T vtable for __gnu_cxx::recursive_init_error
022658f4 00000101 T _ctype_
02265b1c 00000010 t zeroes.0
02265b2c 00000010 t blanks.1
02265bbc 00000022 t basefix.0
02265cc8 00000010 t zeroes.0
02265cd8 00000010 t blanks.1
02265cf0 0000006c T __action_table
02265d5c 0000006c T __state_table
02265dc8 00000100 T __chclass
02265ec8 0000000c t p05.0
02265ed8 00000028 T __mprec_bigtens
02265f00 000000c8 T __mprec_tens
02265fc8 000035dc t categories
022695a4 00000080 T dotab_stdnull
02269628 00000004 d textureID
0226962c 00000004 D mic_buffer_size
02269630 00000004 D sound_buffer_size
02269634 00000018 D normals
0226964c 00000010 D uv
0226965c 00000018 D CubeFaces
02269674 00000030 D CubeVectors
022696a4 00000004 d textureID2
022696a8 00000004 d textureID
022696ac 00000020 D bgTransform
022696cc 00000020 D bgScrollTable
022696ec 00000020 D bgControl
0226970c 00000001 d firstConsoleInit.0
02269710 00000004 D currentConsole
02269714 0000005c D defaultConsole
02269770 00000001 d count
02269771 00000001 d repeat
02269772 00000001 d delay
02269774 00000018 D oamSub
0226978c 00000018 D oamMain
022697a4 00000004 D __cxxabiv1::__unexpected_handler
022697a8 00000004 D __cxxabiv1::__terminate_handler
022697ac 00000004 D __malloc_sbrk_base
022697b0 00000004 D __malloc_trim_threshold
022697b8 00000408 D __malloc_av_
02269bc0 00000004 D _impure_ptr
02269bc8 00000120 D _impure_data
02269ce8 00000004 D environ
02269cec 0000000c D __sglue
02269cf8 0000016c D __global_locale
02269e68 00001000 d handles
0226ae68 0000000c d __stderr_handle
0226ae74 0000000c d __stdout_handle
0226ae80 0000000c d __stdin_handle
0226ae8c 0000008c D devoptab_list
0226b024 r __exidx_start
0226b22c r __EH_FRAME_BEGIN__
0226b22c r __FRAME_END__
0226b22c r __exidx_end
0226b230 r __tls_info
0226b23c d __frame_dummy_init_array_entry
0226b23c d __init_array_start
0226b23c d __preinit_array_end
0226b23c d __preinit_array_start
0226b258 d __do_global_dtors_aux_fini_array_entry
0226b258 d __fini_array_start
0226b258 d __init_array_end
0226b264 d __fini_array_end
0226b264 d __main_end
0226b268 ? __tls_end
0226b268 ? __tls_start
0226b268 b completed.1
0226b26c b object.0
0226b284 00000004 B bubble::BUBBLE_BLOW_ADDON
0226b288 00000004 b game_scene::update(int)::lock
0226b28c 00000001 B has_init
0226b290 00000010 B michandler_callback
0226b2a0 00000004 B data_length
0226b2a4 00000004 B mic_buffer
0226b2a8 00000004 B sound_buffer
0226b2ac 00000004 B milk::milk_count
0226b2b0 00000002 B music
0226b2b4 00000012 b s_mmEffState
0226b2c8 00000004 b s_mmCallback
0226b2cc 00000001 b s_mmActiveStatus
0226b2d0 00000010 B s_mmState
0226b2e0 00000010 b s_mmFile
0226b2f0 00000004 b s_mmLoader
0226b2f4 00000008 B bgIsTextLut
0226b2fc 00000140 B bgState
0226b43c 0000005c B currentCopy
0226b498 00000002 b keysrepeat
0226b49c 00000004 b s_keypad
0226b4a0 00000400 B OamMemory
0226b8a0 00000400 B OamMemorySub
0226bca0 00000004 b specular_emission.0
0226bca4 00000004 b diffuse_ambient.1
0226bca8 00000004 B glCurClearColor
0226bcac 0000004c B glGlobalData
0226bcf8 00000004 b s_firstTask
0226bd00 00000008 b s_highTickCount
0226bd08 00000001 b s_tickInit
0226bd0c 00000008 b s_sleepThreads
0226bd14 00000008 b s_joinThreads
0226bd1c 00000070 b s_idleThread
0226bd8c 00000070 b s_mainThread
0226bdfc 000001f0 b s_pxiChannels
0226bfec 00000004 b s_pxiRecvState
0226bff0 00000008 b s_pxiRecvQueue
0226bff8 00000004 b s_pxiSendMutex
0226c000 00000200 b s_pmPxiThreadStack
0226c200 00000070 b s_pmPxiThread
0226c270 00000008 b s_pmState
0226c278 00000002 b s_soundPxiCredits
0226c27c 00000008 b s_soundPxiCreditWaitList
0226c284 00000001 b s_soundAutoUpdate
0226c285 00000001 b s_soundInit
0226c288 00002000 b s_micThreadStack
0226e288 00000070 b s_micThread
0226e2f8 0000000c b s_micState
0226e304 00000008 b s_mailboxRecvQueue
0226e30c 00000004 b s_defaultErrno.0
0226e310 00000001 B g_isTwlMode
0226e318 0000001c b (anonymous namespace)::emergency_pool
0226e334 00000004 b init
0226e338 00000001 B __eh_globals_init::_S_init
0226e33c 0000000c b (anonymous namespace)::eh_globals
0226e348 00000010 b (anonymous namespace)::mx
0226e358 00000004 b (anonymous namespace)::__new_handler
0226e35c 00000010 b (anonymous namespace)::mx
0226e36c 00000004 b guard variable for (anonymous namespace)::get_atomic_mutex()::atomic_mutex
0226e370 00000010 b (anonymous namespace)::get_atomic_mutex()::atomic_mutex
0226e380 00000004 b (anonymous namespace)::get_static_cond()::once
0226e388 00000008 b (anonymous namespace)::fake_cond
0226e390 00000004 b (anonymous namespace)::static_cond
0226e394 00000004 b (anonymous namespace)::get_static_mutex()::once
0226e398 00000010 b (anonymous namespace)::fake_mutex
0226e3a8 00000004 b (anonymous namespace)::static_mutex
0226e3ac 00000028 B __malloc_current_mallinfo
0226e3d4 00000004 B __malloc_max_total_mem
0226e3d8 00000004 B __malloc_max_sbrked_mem
0226e3dc 00000004 B __malloc_top_pad
0226e3e0 0000000c b __malloc_recursive_mutex
0226e3ec 0000000c b __env_recursive_mutex
0226e3f8 00000004 b initial_env
0226e3fc 0000000c b __sfp_recursive_mutex
0226e408 00000168 B __sf
0226e570 00000004 B __stdio_exit_handler
0226e574 00000004 b __hndl_lock
0226e578 00000004 B fake_heap_start
0226e57c 00000004 B fake_heap_end
0226e580 00000004 b heap_start.0
0226e584 b __heap_start_ntr
0226e584 b __main_bss_end
0226e5a0 r __heap_start_twl
0226e5a0 ? __twl_bss_end
0226e5a0 ? __twl_end
0226e5a0 ? __twl_start
0226f37c a __loadlist_start
0226f3ac a __loadlist_end
02400000 a __twl_lma
02400000 a __twl_loadlist_lma
02400000 a __twl_loadlist_start
0240000c a __twl_loadlist_end
02ff0000 ? __dtcm_end
02ff0000 ? __dtcm_start
02ff0000 00000080 B __irq_table
02ff0080 00000018 B __sched_state
02ff0098 b __dtcm_bss_end
02ff3e80 d __sp_usr
02ff3f80 a __sp_irq
02ff3fc0 a __sp_svc
02ff3ff8 a __irq_flags
0e000800 00000190 T __ds9_bootstub
ffff0008 a __arm_excpt_svc
